<?xml version="1.0" encoding="UTF-8"?>
<!-- Generated by org.testng.reporters.JUnitReportReporter -->
<testsuite hostname="DESKTOP-RFQMCP3" failures="0" tests="1" name="Jira.Jiradelete" time="0.801" errors="0" timestamp="2023-07-17T16:01:54 IST" skipped="0">
  <testcase classname="Jira.Jiradelete" name="delete" time="0.801"/>
  <system-out/>
</testsuite> <!-- Jira.Jiradelete -->
