<?xml version="1.0" encoding="UTF-8"?>
<!-- Generated by org.testng.reporters.JUnitReportReporter -->
<testsuite hostname="DESKTOP-RFQMCP3" failures="0" tests="1" name="Jira.jiracreate" time="6.897" errors="0" timestamp="2023-07-17T16:01:54 IST" skipped="0">
  <testcase classname="Jira.jiracreate" name="create" time="6.897"/>
  <system-out/>
</testsuite> <!-- Jira.jiracreate -->
