<?xml version="1.0" encoding="UTF-8"?>
<!-- Generated by org.testng.reporters.JUnitReportReporter -->
<testsuite hostname="DESKTOP-RFQMCP3" failures="0" tests="1" name="Jira.jiraupdate" time="0.671" errors="0" timestamp="2023-07-17T16:01:54 IST" skipped="0">
  <testcase classname="Jira.jiraupdate" name="update" time="0.671"/>
  <system-out/>
</testsuite> <!-- Jira.jiraupdate -->
